# JRE version: Java(TM) SE Runtime Environment (7.0_45-b18) (build 1.7.0_45-b18)
# Java VM: Java HotSpot(TM) 64-Bit Server VM (24.45-b08 mixed mode bsd-amd64 compressed oops)
Heap
 PSYoungGen      total 269312K, used 207570K [0x00000007eaa80000, 0x00000007ff300000, 0x0000000800000000)
  eden space 265728K, 78% used [0x00000007eaa80000,0x00000007f7534bc8,0x00000007fae00000)
  from space 3584K, 0% used [0x00000007fae00000,0x00000007fae00000,0x00000007fb180000)
  to   space 35328K, 0% used [0x00000007fd080000,0x00000007fd080000,0x00000007ff300000)
 ParOldGen       total 134144K, used 85320K [0x00000007c0000000, 0x00000007c8300000, 0x00000007eaa80000)
  object space 134144K, 63% used [0x00000007c0000000,0x00000007c5352088,0x00000007c8300000)
 PSPermGen       total 110592K, used 78188K [0x00000007b0000000, 0x00000007b6c00000, 0x00000007c0000000)
  object space 110592K, 70% used [0x00000007b0000000,0x00000007b4c5b130,0x00000007b6c00000)
GC Heap History (10 events):
Event: 25559.430 GC heap before
{Heap before GC invocations=41 (full 8):
 PSYoungGen      total 269312K, used 3456K [0x00000007eaa80000, 0x00000007ff700000, 0x0000000800000000)
  eden space 265728K, 0% used [0x00000007eaa80000,0x00000007eaa80000,0x00000007fae00000)
  from space 3584K, 96% used [0x00000007fae00000,0x00000007fb160000,0x00000007fb180000)
  to   space 37376K, 0% used [0x00000007fd280000,0x00000007fd280000,0x00000007ff700000)
 ParOldGen       total 134144K, used 85421K [0x00000007c0000000, 0x00000007c8300000, 0x00000007eaa80000)
  object space 134144K, 63% used [0x00000007c0000000,0x00000007c536b450,0x00000007c8300000)
 PSPermGen       total 123904K, used 77876K [0x00000007b0000000, 0x00000007b7900000, 0x00000007c0000000)
  object space 123904K, 62% used [0x00000007b0000000,0x00000007b4c0d328,0x00000007b7900000)
Event: 25560.199 GC heap after
Heap after GC invocations=41 (full 8):
 PSYoungGen      total 269312K, used 0K [0x00000007eaa80000, 0x00000007ff700000, 0x0000000800000000)
  eden space 265728K, 0% used [0x00000007eaa80000,0x00000007eaa80000,0x00000007fae00000)
  from space 3584K, 0% used [0x00000007fae00000,0x00000007fae00000,0x00000007fb180000)
  to   space 37376K, 0% used [0x00000007fd280000,0x00000007fd280000,0x00000007ff700000)
 ParOldGen       total 134144K, used 85382K [0x00000007c0000000, 0x00000007c8300000, 0x00000007eaa80000)
  object space 134144K, 63% used [0x00000007c0000000,0x00000007c53619d8,0x00000007c8300000)
 PSPermGen       total 119296K, used 77860K [0x00000007b0000000, 0x00000007b7480000, 0x00000007c0000000)
  object space 119296K, 65% used [0x00000007b0000000,0x00000007b4c09098,0x00000007b7480000)
}
Event: 29160.203 GC heap before
{Heap before GC invocations=42 (full 8):
 PSYoungGen      total 269312K, used 79525K [0x00000007eaa80000, 0x00000007ff700000, 0x0000000800000000)
  eden space 265728K, 29% used [0x00000007eaa80000,0x00000007ef829548,0x00000007fae00000)
  from space 3584K, 0% used [0x00000007fae00000,0x00000007fae00000,0x00000007fb180000)
  to   space 37376K, 0% used [0x00000007fd280000,0x00000007fd280000,0x00000007ff700000)
 ParOldGen       total 134144K, used 85382K [0x00000007c0000000, 0x00000007c8300000, 0x00000007eaa80000)
  object space 134144K, 63% used [0x00000007c0000000,0x00000007c53619d8,0x00000007c8300000)
 PSPermGen       total 119296K, used 77872K [0x00000007b0000000, 0x00000007b7480000, 0x00000007c0000000)
  object space 119296K, 65% used [0x00000007b0000000,0x00000007b4c0c090,0x00000007b7480000)
Event: 29160.270 GC heap after
Heap after GC invocations=42 (full 8):
 PSYoungGen      total 301056K, used 3456K [0x00000007eaa80000, 0x00000007ff500000, 0x0000000800000000)
  eden space 265728K, 0% used [0x00000007eaa80000,0x00000007eaa80000,0x00000007fae00000)
  from space 35328K, 9% used [0x00000007fd280000,0x00000007fd5e0000,0x00000007ff500000)
  to   space 36352K, 0% used [0x00000007fae00000,0x00000007fae00000,0x00000007fd180000)
 ParOldGen       total 134144K, used 85382K [0x00000007c0000000, 0x00000007c8300000, 0x00000007eaa80000)
  object space 134144K, 63% used [0x00000007c0000000,0x00000007c53619d8,0x00000007c8300000)
 PSPermGen       total 119296K, used 77872K [0x00000007b0000000, 0x00000007b7480000, 0x00000007c0000000)
  object space 119296K, 65% used [0x00000007b0000000,0x00000007b4c0c090,0x00000007b7480000)
}
Event: 29160.270 GC heap before
{Heap before GC invocations=43 (full 9):
 PSYoungGen      total 301056K, used 3456K [0x00000007eaa80000, 0x00000007ff500000, 0x0000000800000000)
  eden space 265728K, 0% used [0x00000007eaa80000,0x00000007eaa80000,0x00000007fae00000)
  from space 35328K, 9% used [0x00000007fd280000,0x00000007fd5e0000,0x00000007ff500000)
  to   space 36352K, 0% used [0x00000007fae00000,0x00000007fae00000,0x00000007fd180000)
 ParOldGen       total 134144K, used 85382K [0x00000007c0000000, 0x00000007c8300000, 0x00000007eaa80000)
  object space 134144K, 63% used [0x00000007c0000000,0x00000007c53619d8,0x00000007c8300000)
 PSPermGen       total 119296K, used 77872K [0x00000007b0000000, 0x00000007b7480000, 0x00000007c0000000)
  object space 119296K, 65% used [0x00000007b0000000,0x00000007b4c0c090,0x00000007b7480000)
Event: 29160.735 GC heap after
Heap after GC invocations=43 (full 9):
 PSYoungGen      total 301056K, used 0K [0x00000007eaa80000, 0x00000007ff500000, 0x0000000800000000)
  eden space 265728K, 0% used [0x00000007eaa80000,0x00000007eaa80000,0x00000007fae00000)
  from space 35328K, 0% used [0x00000007fd280000,0x00000007fd280000,0x00000007ff500000)
  to   space 36352K, 0% used [0x00000007fae00000,0x00000007fae00000,0x00000007fd180000)
 ParOldGen       total 134144K, used 85411K [0x00000007c0000000, 0x00000007c8300000, 0x00000007eaa80000)
  object space 134144K, 63% used [0x00000007c0000000,0x00000007c5368d28,0x00000007c8300000)
 PSPermGen       total 115200K, used 77864K [0x00000007b0000000, 0x00000007b7080000, 0x00000007c0000000)
  object space 115200K, 67% used [0x00000007b0000000,0x00000007b4c0a130,0x00000007b7080000)
}
Event: 112042.228 GC heap before
{Heap before GC invocations=44 (full 9):
 PSYoungGen      total 301056K, used 76867K [0x00000007eaa80000, 0x00000007ff500000, 0x0000000800000000)
  eden space 265728K, 28% used [0x00000007eaa80000,0x00000007ef590e08,0x00000007fae00000)
  from space 35328K, 0% used [0x00000007fd280000,0x00000007fd280000,0x00000007ff500000)
  to   space 36352K, 0% used [0x00000007fae00000,0x00000007fae00000,0x00000007fd180000)
 ParOldGen       total 134144K, used 85411K [0x00000007c0000000, 0x00000007c8300000, 0x00000007eaa80000)
  object space 134144K, 63% used [0x00000007c0000000,0x00000007c5368d28,0x00000007c8300000)
 PSPermGen       total 115200K, used 77880K [0x00000007b0000000, 0x00000007b7080000, 0x00000007c0000000)
  object space 115200K, 67% used [0x00000007b0000000,0x00000007b4c0e180,0x00000007b7080000)
Event: 112042.358 GC heap after
Heap after GC invocations=44 (full 9):
 PSYoungGen      total 269312K, used 3360K [0x00000007eaa80000, 0x00000007ff300000, 0x0000000800000000)
  eden space 265728K, 0% used [0x00000007eaa80000,0x00000007eaa80000,0x00000007fae00000)
  from space 3584K, 93% used [0x00000007fae00000,0x00000007fb148000,0x00000007fb180000)
  to   space 35328K, 0% used [0x00000007fd080000,0x00000007fd080000,0x00000007ff300000)
 ParOldGen       total 134144K, used 85411K [0x00000007c0000000, 0x00000007c8300000, 0x00000007eaa80000)
  object space 134144K, 63% used [0x00000007c0000000,0x00000007c5368d28,0x00000007c8300000)
 PSPermGen       total 115200K, used 77880K [0x00000007b0000000, 0x00000007b7080000, 0x00000007c0000000)
  object space 115200K, 67% used [0x00000007b0000000,0x00000007b4c0e180,0x00000007b7080000)
}
Event: 112042.359 GC heap before
{Heap before GC invocations=45 (full 10):
 PSYoungGen      total 269312K, used 3360K [0x00000007eaa80000, 0x00000007ff300000, 0x0000000800000000)
  eden space 265728K, 0% used [0x00000007eaa80000,0x00000007eaa80000,0x00000007fae00000)
  from space 3584K, 93% used [0x00000007fae00000,0x00000007fb148000,0x00000007fb180000)
  to   space 35328K, 0% used [0x00000007fd080000,0x00000007fd080000,0x00000007ff300000)
 ParOldGen       total 134144K, used 85411K [0x00000007c0000000, 0x00000007c8300000, 0x00000007eaa80000)
  object space 134144K, 63% used [0x00000007c0000000,0x00000007c5368d28,0x00000007c8300000)
 PSPermGen       total 115200K, used 77880K [0x00000007b0000000, 0x00000007b7080000, 0x00000007c0000000)
  object space 115200K, 67% used [0x00000007b0000000,0x00000007b4c0e180,0x00000007b7080000)
Event: 112043.499 GC heap after
Heap after GC invocations=45 (full 10):
 PSYoungGen      total 269312K, used 0K [0x00000007eaa80000, 0x00000007ff300000, 0x0000000800000000)
  eden space 265728K, 0% used [0x00000007eaa80000,0x00000007eaa80000,0x00000007fae00000)
  from space 3584K, 0% used [0x00000007fae00000,0x00000007fae00000,0x00000007fb180000)
  to   space 35328K, 0% used [0x00000007fd080000,0x00000007fd080000,0x00000007ff300000)
 ParOldGen       total 134144K, used 85320K [0x00000007c0000000, 0x00000007c8300000, 0x00000007eaa80000)
  object space 134144K, 63% used [0x00000007c0000000,0x00000007c5352088,0x00000007c8300000)
 PSPermGen       total 110592K, used 77872K [0x00000007b0000000, 0x00000007b6c00000, 0x00000007c0000000)
  object space 110592K, 70% used [0x00000007b0000000,0x00000007b4c0c260,0x00000007b6c00000)
}

