# JRE version: Java(TM) SE Runtime Environment (8.0_45-b14) (build 1.8.0_45-b14)
# Java VM: Java HotSpot(TM) 64-Bit Server VM (25.45-b02 mixed mode linux-amd64 compressed oops)
Heap:
 PSYoungGen      total 446976K, used 326188K [0x00000000d7300000, 0x00000000f7900000, 0x0000000100000000)
  eden space 417792K, 71% used [0x00000000d7300000,0x00000000e956b758,0x00000000f0b00000)
  from space 29184K, 98% used [0x00000000f1d00000,0x00000000f391fc20,0x00000000f3980000)
  to   space 56320K, 0% used [0x00000000f4200000,0x00000000f4200000,0x00000000f7900000)
 ParOldGen       total 193536K, used 111608K [0x0000000085800000, 0x0000000091500000, 0x00000000d7300000)
  object space 193536K, 57% used [0x0000000085800000,0x000000008c4fe3b0,0x0000000091500000)
 Metaspace       used 99998K, capacity 102864K, committed 108288K, reserved 1144832K
  class space    used 11700K, capacity 12221K, committed 12800K, reserved 1048576K
GC Heap History (10 events):
Event: 7232.198 GC heap before
{Heap before GC invocations=36 (full 6):
 PSYoungGen      total 516608K, used 22125K [0x00000000d7300000, 0x00000000fa980000, 0x0000000100000000)
  eden space 455168K, 0% used [0x00000000d7300000,0x00000000d7300000,0x00000000f2f80000)
  from space 61440K, 36% used [0x00000000f6d80000,0x00000000f831b460,0x00000000fa980000)
  to   space 62464K, 0% used [0x00000000f2f80000,0x00000000f2f80000,0x00000000f6c80000)
 ParOldGen       total 193536K, used 138098K [0x0000000085800000, 0x0000000091500000, 0x00000000d7300000)
  object space 193536K, 71% used [0x0000000085800000,0x000000008dedc910,0x0000000091500000)
 Metaspace       used 105139K, capacity 107796K, committed 108288K, reserved 1144832K
  class space    used 12213K, capacity 12723K, committed 12800K, reserved 1048576K
Event: 7232.683 GC heap after
Heap after GC invocations=36 (full 6):
 PSYoungGen      total 516608K, used 0K [0x00000000d7300000, 0x00000000fa980000, 0x0000000100000000)
  eden space 455168K, 0% used [0x00000000d7300000,0x00000000d7300000,0x00000000f2f80000)
  from space 61440K, 0% used [0x00000000f6d80000,0x00000000f6d80000,0x00000000fa980000)
  to   space 62464K, 0% used [0x00000000f2f80000,0x00000000f2f80000,0x00000000f6c80000)
 ParOldGen       total 193536K, used 108658K [0x0000000085800000, 0x0000000091500000, 0x00000000d7300000)
  object space 193536K, 56% used [0x0000000085800000,0x000000008c21c918,0x0000000091500000)
 Metaspace       used 97469K, capacity 99130K, committed 108288K, reserved 1144832K
  class space    used 11370K, capacity 11694K, committed 12800K, reserved 1048576K
}
Event: 10832.683 GC heap before
{Heap before GC invocations=37 (full 6):
 PSYoungGen      total 516608K, used 380990K [0x00000000d7300000, 0x00000000fa980000, 0x0000000100000000)
  eden space 455168K, 83% used [0x00000000d7300000,0x00000000ee70fbd8,0x00000000f2f80000)
  from space 61440K, 0% used [0x00000000f6d80000,0x00000000f6d80000,0x00000000fa980000)
  to   space 62464K, 0% used [0x00000000f2f80000,0x00000000f2f80000,0x00000000f6c80000)
 ParOldGen       total 193536K, used 108658K [0x0000000085800000, 0x0000000091500000, 0x00000000d7300000)
  object space 193536K, 56% used [0x0000000085800000,0x000000008c21c918,0x0000000091500000)
 Metaspace       used 97930K, capacity 99864K, committed 108288K, reserved 1144832K
  class space    used 11427K, capacity 11795K, committed 12800K, reserved 1048576K
Event: 10832.708 GC heap after
Heap after GC invocations=37 (full 6):
 PSYoungGen      total 478208K, used 22631K [0x00000000d7300000, 0x00000000fa680000, 0x0000000100000000)
  eden space 455168K, 0% used [0x00000000d7300000,0x00000000d7300000,0x00000000f2f80000)
  from space 23040K, 98% used [0x00000000f2f80000,0x00000000f4599f30,0x00000000f4600000)
  to   space 60928K, 0% used [0x00000000f6b00000,0x00000000f6b00000,0x00000000fa680000)
 ParOldGen       total 193536K, used 108666K [0x0000000085800000, 0x0000000091500000, 0x00000000d7300000)
  object space 193536K, 56% used [0x0000000085800000,0x000000008c21e918,0x0000000091500000)
 Metaspace       used 97930K, capacity 99864K, committed 108288K, reserved 1144832K
  class space    used 11427K, capacity 11795K, committed 12800K, reserved 1048576K
}
Event: 10832.708 GC heap before
{Heap before GC invocations=38 (full 7):
 PSYoungGen      total 478208K, used 22631K [0x00000000d7300000, 0x00000000fa680000, 0x0000000100000000)
  eden space 455168K, 0% used [0x00000000d7300000,0x00000000d7300000,0x00000000f2f80000)
  from space 23040K, 98% used [0x00000000f2f80000,0x00000000f4599f30,0x00000000f4600000)
  to   space 60928K, 0% used [0x00000000f6b00000,0x00000000f6b00000,0x00000000fa680000)
 ParOldGen       total 193536K, used 108666K [0x0000000085800000, 0x0000000091500000, 0x00000000d7300000)
  object space 193536K, 56% used [0x0000000085800000,0x000000008c21e918,0x0000000091500000)
 Metaspace       used 97930K, capacity 99864K, committed 108288K, reserved 1144832K
  class space    used 11427K, capacity 11795K, committed 12800K, reserved 1048576K
Event: 10833.255 GC heap after
Heap after GC invocations=38 (full 7):
 PSYoungGen      total 478208K, used 0K [0x00000000d7300000, 0x00000000fa680000, 0x0000000100000000)
  eden space 455168K, 0% used [0x00000000d7300000,0x00000000d7300000,0x00000000f2f80000)
  from space 23040K, 0% used [0x00000000f2f80000,0x00000000f2f80000,0x00000000f4600000)
  to   space 60928K, 0% used [0x00000000f6b00000,0x00000000f6b00000,0x00000000fa680000)
 ParOldGen       total 193536K, used 111592K [0x0000000085800000, 0x0000000091500000, 0x00000000d7300000)
  object space 193536K, 57% used [0x0000000085800000,0x000000008c4fa3b0,0x0000000091500000)
 Metaspace       used 97563K, capacity 99258K, committed 108288K, reserved 1144832K
  class space    used 11371K, capacity 11694K, committed 12800K, reserved 1048576K
}
Event: 12839.313 GC heap before
{Heap before GC invocations=39 (full 7):
 PSYoungGen      total 478208K, used 455168K [0x00000000d7300000, 0x00000000fa680000, 0x0000000100000000)
  eden space 455168K, 100% used [0x00000000d7300000,0x00000000f2f80000,0x00000000f2f80000)
  from space 23040K, 0% used [0x00000000f2f80000,0x00000000f2f80000,0x00000000f4600000)
  to   space 60928K, 0% used [0x00000000f6b00000,0x00000000f6b00000,0x00000000fa680000)
 ParOldGen       total 193536K, used 111592K [0x0000000085800000, 0x0000000091500000, 0x00000000d7300000)
  object space 193536K, 57% used [0x0000000085800000,0x000000008c4fa3b0,0x0000000091500000)
 Metaspace       used 98940K, capacity 101180K, committed 108288K, reserved 1144832K
  class space    used 11561K, capacity 11967K, committed 12800K, reserved 1048576K
Event: 12839.387 GC heap after
Heap after GC invocations=39 (full 7):
 PSYoungGen      total 473088K, used 27867K [0x00000000d7300000, 0x00000000f8f00000, 0x0000000100000000)
  eden space 436224K, 0% used [0x00000000d7300000,0x00000000d7300000,0x00000000f1d00000)
  from space 36864K, 75% used [0x00000000f6b00000,0x00000000f8636d60,0x00000000f8f00000)
  to   space 58368K, 0% used [0x00000000f1d00000,0x00000000f1d00000,0x00000000f5600000)
 ParOldGen       total 193536K, used 111600K [0x0000000085800000, 0x0000000091500000, 0x00000000d7300000)
  object space 193536K, 57% used [0x0000000085800000,0x000000008c4fc3b0,0x0000000091500000)
 Metaspace       used 98940K, capacity 101180K, committed 108288K, reserved 1144832K
  class space    used 11561K, capacity 11967K, committed 12800K, reserved 1048576K
}
Event: 13450.341 GC heap before
{Heap before GC invocations=40 (full 7):
 PSYoungGen      total 473088K, used 464091K [0x00000000d7300000, 0x00000000f8f00000, 0x0000000100000000)
  eden space 436224K, 100% used [0x00000000d7300000,0x00000000f1d00000,0x00000000f1d00000)
  from space 36864K, 75% used [0x00000000f6b00000,0x00000000f8636d60,0x00000000f8f00000)
  to   space 58368K, 0% used [0x00000000f1d00000,0x00000000f1d00000,0x00000000f5600000)
 ParOldGen       total 193536K, used 111600K [0x0000000085800000, 0x0000000091500000, 0x00000000d7300000)
  object space 193536K, 57% used [0x0000000085800000,0x000000008c4fc3b0,0x0000000091500000)
 Metaspace       used 99601K, capacity 102114K, committed 108288K, reserved 1144832K
  class space    used 11645K, capacity 12128K, committed 12800K, reserved 1048576K
Event: 13450.576 GC heap after
Heap after GC invocations=40 (full 7):
 PSYoungGen      total 446976K, used 28799K [0x00000000d7300000, 0x00000000f7900000, 0x0000000100000000)
  eden space 417792K, 0% used [0x00000000d7300000,0x00000000d7300000,0x00000000f0b00000)
  from space 29184K, 98% used [0x00000000f1d00000,0x00000000f391fc20,0x00000000f3980000)
  to   space 56320K, 0% used [0x00000000f4200000,0x00000000f4200000,0x00000000f7900000)
 ParOldGen       total 193536K, used 111608K [0x0000000085800000, 0x0000000091500000, 0x00000000d7300000)
  object space 193536K, 57% used [0x0000000085800000,0x000000008c4fe3b0,0x0000000091500000)
 Metaspace       used 99601K, capacity 102114K, committed 108288K, reserved 1144832K
  class space    used 11645K, capacity 12128K, committed 12800K, reserved 1048576K
}

